A Tinkerer's Assembler for the 6502/65c02/65816
Version BETA  24. December 2016
Copyright 2015, 2016 Scot W. Stevenson <scot.stevenson@gmail.com>
This program comes with ABSOLUTELY NO WARRANTY
Code listing for file liaraforth.tasm
Generated on Wed Jan  4 05:49:48 2017
Target MPU: 65816
External files loaded: 4
Number of passes executed: 32
Number of steps executed: 7
Assembly time: 0.07196 seconds
Code origin: 006000
Bytes of machine code: 1855

LISTING:
       Line Address  Bytes        Instruction
    1    17 00:6000  78           pla
    2    17 00:6001  18           rts
    3    17 00:6002  fb           rep 20
    4    17 00:6003  c2 10        have_chr?
    5    17 00:6005  a2 ff 01     sta 00df70
    6    17 00:6008  9a           (data)
    7    17 00:6009  9c 49 df     (data)
    8    17 00:600c  a9 c0        (data)
    9    17 00:600e  8d 24 df     (data)
   10    17 00:6011  9c 20 df     (data)
   11    17 00:6014  a9 10        (data)
   12    17 00:6016  1c 42 df     (data)
   13    17 00:6019  a9 0b        (data)
   14    17 00:601b  8d 66 df     (data)
   15    17 00:601e  a9 00        (data)
   16    17 00:6020  8d 67 df     (data)
   17    17 00:6023  a9 08        (data)
   18    17 00:6025  0c 43 df     (data)
   19    17 00:6028  a9 25        (data)
   20    17 00:602a  8d 70 df     (data)
   21    17 00:602d  4c 62 60     (data)
   22    17 00:6030  48           (data)
   23    17 00:6031  08           (data)
   24    17 00:6032  e2 20        (data)
   25    17 00:6034  48           (data)
   26    17 00:6035  a9 02        (data)
   27    17 00:6037  2c 48 df     (data)
   28    17 00:603a  f0 fb        (data)
   29    17 00:603c  68           (data)
   30    17 00:603d  8d 71 df     (data)
   31    17 00:6040  28           (data)
   32    17 00:6041  68           (data)
   33    17 00:6042  60           (data)
   34    17 00:6043  08           (data)
   35    17 00:6044  e2 20        (data)
   36    17 00:6046  a9 01        (data)
   37    17 00:6048  2c 48 df     (data)
   38    17 00:604b  f0 fb        (data)
   39    17 00:604d  ad 71 df     (data)
   40    17 00:6050  28           (data)
   41    17 00:6051  60           (data)
   42    17 00:6052  48           (data)
   43    17 00:6053  08           (data)
   44    17 00:6054  e2 20        (data)
   45    17 00:6056  ad 48 df     (data)
   46    17 00:6059  28           (data)
   47    17 00:605a  6a           (data)
   48    17 00:605b  c2 20        (data)
   49    17 00:605d  68           (data)
   50    17 00:605e  60           (data)
   51    34 00:605f  4c 00 60     jmp reset_hardware
   52    37 00:6062  18           clc
   53    37 00:6063  fb           xce
   54    38 00:6064  c2 30        rep 30
   55    39 00:6066  78           sei
   56    52 00:6067  a9 c0 64     lda.# h_drop
   57    53 00:606a  85 02        sta.d dp
   58    56 00:606c  a9 00 7c     lda.# 007c00
   59    57 00:606f  85 0c        sta.d cib
   60    58 00:6071  64 0e        stz.d ciblen
   61    59 00:6073  64 10        stz.d piblen
   62    62 00:6075  a9 04 65     lda.# s_title
   63    63 00:6078  20 eb 64     jsr print_string
   64    64 00:607b  a9 24 65     lda.# s_version
   65    65 00:607e  20 eb 64     jsr print_string
   66    66 00:6081  a9 43 65     lda.# s_author
   67    67 00:6084  20 eb 64     jsr print_string
   68    68 00:6087  a9 70 65     lda.# s_disclaimer
   69    69 00:608a  20 eb 64     jsr print_string
   70    70 00:608d  a9 9e 65     lda.# s_typebye
   71    71 00:6090  20 eb 64     jsr print_string
   72    82 00:6093  a0 00 00     ldy.# 0000
   73    83 00:6096  a2 f0 02     ldx.# 0002f0
   74    95 00:6099  a9 ff 7f     lda.# 007fff
   75    96 00:609c  1b           tcs
   76    99 00:609d  64 0a        stz.d insrc
   77   102 00:609f  64 14        stz.d state
   78   105 00:60a1  20 fc 62     jsr a_words
   79   106 00:60a4  20 72 61     jsr a_cr
   80   111 00:60a7  64 0e        stz.d ciblen
   81   114 00:60a9  20 63 62     jsr a_refill
   82   116 00:60ac  98           tya
   83   117 00:60ad  d0 06        bne quit_refill_successful
   84   123 00:60af  a9 71 66     lda.# es_refill1
   85   124 00:60b2  4c e5 64     jmp error
   86   132 00:60b5  b4 00        ldy.dx 00
   87   133 00:60b7  e8           inx
   88   134 00:60b8  e8           inx
   89   137 00:60b9  64 12        stz.d toin
   90   140 00:60bb  20 cc 64     jsr compile/execute
   91   144 00:60be  a9 b1 65     lda.# s_ok
   92   145 00:60c1  20 eb 64     jsr print_string
   93   148 00:60c4  4c a7 60     jmp quit_get_line
   94   152 00:60c7  ea           z_quit
   95   158 00:60c8  ca           a_to-in
   96   159 00:60c9  ca           dex
   97   160 00:60ca  94 00        sty.dx 00
   98   162 00:60cc  a0 12 02     ldy.# toin
   99   163 00:60cf  60           z_to-in
  100   169 00:60d0  98           a_plus
  101   170 00:60d1  18           clc
  102   171 00:60d2  75 00        adc.dx 00
  103   172 00:60d4  a8           tay
  104   173 00:60d5  e8           inx
  105   174 00:60d6  e8           inx
  106   176 00:60d7  60           z_plus
  107   182 00:60d8  ca           a_zero
  108   183 00:60d9  ca           dex
  109   184 00:60da  94 00        sty.dx 00
  110   185 00:60dc  a0 00 00     ldy.# 0000
  111   187 00:60df  60           z_zero
  112   194 00:60e0  ca           a_one
  113   195 00:60e1  ca           dex
  114   196 00:60e2  94 00        sty.dx 00
  115   197 00:60e4  a0 01 00     ldy.# 0001
  116   199 00:60e7  60           z_one
  117   207 00:60e8  c8           a_one-plus
  118   208 00:60e9  60           z_one-plus
  119   214 00:60ea  ca           a_two
  120   215 00:60eb  ca           dex
  121   216 00:60ec  94 00        sty.dx 00
  122   217 00:60ee  a0 02 00     ldy.# 0002
  123   219 00:60f1  60           z_two
  124   226 00:60f2  ca           dex
  125   227 00:60f3  ca           dex
  126   228 00:60f4  ca           dex
  127   229 00:60f5  ca           dex
  128   230 00:60f6  94 02        sty.dx 02
  129   231 00:60f8  b5 04        lda.dx 04
  130   232 00:60fa  95 00        sta.dx 00
  131   234 00:60fc  60           z_2dup
  132   243 00:60fd  b5 00        lda.dx 00
  133   244 00:60ff  d0 04        bne accept_nonzero
  134   246 00:6101  a8           tay
  135   247 00:6102  e8           inx
  136   248 00:6103  e8           inx
  137   249 00:6104  60           rts
  138   252 00:6105  85 18        sta.d tmp2
  139   253 00:6107  84 16        sty.d tmp1
  140   254 00:6109  a0 00 00     ldy.# 0000
  141   255 00:610c  e2 20        sep 20
  142   259 00:610e  20 43 60     jsr get_chr
  143   261 00:6111  c9 0a        cmp.# 00000a
  144   262 00:6113  f0 0e        beq accept_eol
  145   264 00:6115  c9 0d        cmp.# 00000d
  146   265 00:6117  f0 0a        beq accept_eol
  147   270 00:6119  20 30 60     jsr put_chr
  148   274 00:611c  91 0c        sta.diy cib
  149   275 00:611e  c8           iny
  150   276 00:611f  c4 18        cpy.d tmp2
  151   277 00:6121  d0 eb        bne accept_loop
  152   280 00:6123  84 0e        sty.d ciblen
  153   281 00:6125  e8           inx
  154   282 00:6126  e8           inx
  155   283 00:6127  c2 20        rep 20
  156   284 00:6129  60           rts
  157   287 00:612a  c0 00 00     cpy.# 0000
  158   288 00:612d  d0 07        bne +
  159   290 00:612f  a9 07 00     lda.# 000007
  160   291 00:6132  20 30 60     jsr put_chr
  161   292 00:6135  c8           iny
  162   294 00:6136  88           dey
  163   295 00:6137  a9 08 00     lda.# 000008
  164   296 00:613a  20 30 60     jsr put_chr
  165   297 00:613d  a9 20 00     lda.# 000020
  166   298 00:6140  20 30 60     jsr put_chr
  167   299 00:6143  a9 08 00     lda.# 000008
  168   300 00:6146  20 30 60     jsr put_chr
  169   302 00:6149  80 c3        bra accept_loop
  170   305 00:614b  60           z_accept
  171   311 00:614c  ca           a_bl
  172   312 00:614d  ca           dex
  173   313 00:614e  94 00        sty.dx 00
  174   314 00:6150  a0 20 00     ldy.# 000020
  175   316 00:6153  60           z_bl
  176   322 00:6154  00 00        a_bye
  177   323 00:6156  60           z_bye
  178   342 00:6157  98           a_comma
  179   343 00:6158  92 00        sta.di cp
  180   344 00:615a  e6 00        inc.d cp
  181   345 00:615c  e6 00        inc.d cp
  182   347 00:615e  b4 00        ldy.dx 00
  183   348 00:6160  e8           inx
  184   349 00:6161  e8           inx
  185   351 00:6162  60           z_comma
  186   360 00:6163  98           a_count
  187   361 00:6164  1a           inc.a
  188   362 00:6165  ca           dex
  189   363 00:6166  ca           dex
  190   364 00:6167  95 00        sta.dx 00
  191   366 00:6169  b9 00 00     lda.y 0000
  192   367 00:616c  eb           xba
  193   368 00:616d  29 ff 00     and.# 00ff
  194   369 00:6170  a8           tay
  195   371 00:6171  60           z_count
  196   379 00:6172  e2 20        sep 20
  197   380 00:6174  a9 0a        lda.# 00000a
  198   381 00:6176  20 30 60     jsr put_chr
  199   382 00:6179  c2 20        rep 20
  200   384 00:617b  60           z_cr
  201   391 00:617c  b4 00        ldy.dx 00
  202   392 00:617e  e8           inx
  203   393 00:617f  e8           inx
  204   395 00:6180  60           z_drop
  205   402 00:6181  ca           a_dup
  206   403 00:6182  ca           dex
  207   404 00:6183  94 00        sty.dx 00
  208   406 00:6185  60           z_dup
  209   434 00:6186  84 16        sty.d tmp1
  210   435 00:6188  b4 00        ldy.dx 00
  211   436 00:618a  84 18        sty.d tmp2
  212   437 00:618c  a4 02        ldy.d dp
  213   438 00:618e  84 1a        sty.d tmp3
  214   439 00:6190  e2 20        sep 20
  215   443 00:6192  b2 1a        lda.di tmp3
  216   444 00:6194  c5 16        cmp.d tmp1
  217   445 00:6196  d0 35        bne find-name_next_word
  218   449 00:6198  a0 08 00     ldy.# 0008
  219   450 00:619b  b1 1a        lda.diy tmp3
  220   451 00:619d  d2 18        cmp.di tmp2
  221   452 00:619f  d0 2c        bne find-name_next_word
  222   455 00:61a1  a4 1a        ldy.d tmp3
  223   456 00:61a3  5a           phy
  224   460 00:61a4  a5 16        lda.d tmp1
  225   461 00:61a6  3a           dec.a
  226   462 00:61a7  f0 1c        beq find-name_success
  227   485 00:61a9  c2 20        rep 20
  228   486 00:61ab  a5 1a        lda.d tmp3
  229   487 00:61ad  18           clc
  230   488 00:61ae  69 08 00     adc.# 0008
  231   489 00:61b1  85 1a        sta.d tmp3
  232   491 00:61b3  a5 16        lda.d tmp1
  233   492 00:61b5  29 ff 00     and.# 00ff
  234   493 00:61b8  3a           dec.a
  235   494 00:61b9  a8           tay
  236   495 00:61ba  e2 20        sep 20
  237   498 00:61bc  b1 18        lda.diy tmp2
  238   499 00:61be  d1 1a        cmp.diy tmp3
  239   500 00:61c0  d0 08        bne find-name_char_mismatch
  240   501 00:61c2  88           dey
  241   502 00:61c3  d0 f7        bne find-name_char_loop
  242   506 00:61c5  7a           ply
  243   507 00:61c6  e8           inx
  244   508 00:61c7  e8           inx
  245   509 00:61c8  80 18        bra find-name_done
  246   512 00:61ca  7a           ply
  247   513 00:61cb  84 1a        sty.d tmp3
  248   519 00:61cd  e6 1a        inc.d tmp3
  249   520 00:61cf  e6 1a        inc.d tmp3
  250   521 00:61d1  c2 20        rep 20
  251   522 00:61d3  b2 1a        lda.di tmp3
  252   523 00:61d5  f0 06        beq find-name_failure
  253   524 00:61d7  85 1a        sta.d tmp3
  254   525 00:61d9  e2 20        sep 20
  255   526 00:61db  80 b5        bra find-name_loop
  256   529 00:61dd  e8           inx
  257   530 00:61de  e8           inx
  258   531 00:61df  a0 00 00     ldy.# 0000
  259   534 00:61e2  c2 20        rep 20
  260   535 00:61e4  60           z_find-name
  261   542 00:61e5  ca           a_here
  262   543 00:61e6  ca           dex
  263   544 00:61e7  94 00        sty.dx 00
  264   545 00:61e9  a4 00        ldy.d cp
  265   547 00:61eb  60           z_here
  266   555 00:61ec  ca           dex
  267   556 00:61ed  ca           dex
  268   560 00:61ee  98           tya
  269   561 00:61ef  18           clc
  270   562 00:61f0  69 08 00     adc.# 0008
  271   563 00:61f3  95 00        sta.dx 00
  272   567 00:61f5  b9 00 00     lda.y 0000
  273   568 00:61f8  29 ff 00     and.# 00ff
  274   569 00:61fb  a8           tay
  275   571 00:61fc  60           z_name>string
  276   578 00:61fd  e8           a_nip
  277   579 00:61fe  e8           inx
  278   580 00:61ff  60           z_nip
  279   592 00:6200  5a           phy
  280   593 00:6201  a4 12        ldy.d toin
  281   594 00:6203  e2 20        sep 20
  282   596 00:6205  c4 0e        cpy.d ciblen
  283   597 00:6207  f0 09        beq parse-name_empty_line
  284   599 00:6209  b1 0c        lda.diy cib
  285   600 00:620b  c9 20        cmp.# 000020
  286   601 00:620d  d0 17        bne parse-name_found
  287   602 00:620f  c8           iny
  288   603 00:6210  80 f3        bra parse-name_loop
  289   606 00:6212  c2 20        rep 20
  290   612 00:6214  ca           dex
  291   613 00:6215  ca           dex
  292   614 00:6216  ca           dex
  293   615 00:6217  ca           dex
  294   616 00:6218  7a           ply
  295   617 00:6219  94 00        sty.dx 00
  296   619 00:621b  a5 0c        lda.d cib
  297   620 00:621d  18           clc
  298   621 00:621e  65 0e        adc.d ciblen
  299   622 00:6220  95 00        sta.dx 00
  300   624 00:6222  a0 00 00     ldy.# 0000
  301   626 00:6225  60           rts
  302   629 00:6226  c2 20        rep 20
  303   630 00:6228  84 12        sty.d toin
  304   632 00:622a  ca           dex
  305   633 00:622b  ca           dex
  306   634 00:622c  7a           ply
  307   635 00:622d  84 00        sty.d 00
  308   637 00:622f  a0 20 00     ldy.# 000020
  309   662 00:6232  84 16        sty.d tmp1
  310   666 00:6234  ca           dex
  311   667 00:6235  ca           dex
  312   669 00:6236  a5 12        lda.d toin
  313   670 00:6238  85 1a        sta.d tmp3
  314   671 00:623a  18           clc
  315   672 00:623b  65 0c        adc.d cib
  316   673 00:623d  95 00        sta.dx 00
  317   675 00:623f  64 18        stz.d tmp2
  318   678 00:6241  a4 12        ldy.d toin
  319   679 00:6243  e2 20        sep 20
  320   682 00:6245  c4 0e        cpy.d ciblen
  321   683 00:6247  f0 0b        beq parse_reached_eol
  322   685 00:6249  b1 0c        lda.diy cib
  323   686 00:624b  c5 16        cmp.d tmp1
  324   687 00:624d  f0 03        beq parse_found_delimiter
  325   688 00:624f  c8           iny
  326   689 00:6250  80 f3        bra parse_loop
  327   696 00:6252  e6 18        inc.d tmp2
  328   700 00:6254  c2 20        rep 20
  329   701 00:6256  98           tya
  330   702 00:6257  38           sec
  331   703 00:6258  e5 1a        sbc.d tmp3
  332   704 00:625a  48           pha
  333   707 00:625b  98           tya
  334   708 00:625c  18           clc
  335   709 00:625d  65 18        adc.d tmp2
  336   710 00:625f  85 12        sta.d toin
  337   712 00:6261  7a           ply
  338   715 00:6262  60           z_parse
  339   732 00:6263  a5 0c        lda.d cib
  340   733 00:6265  49 00 01     eor.# 0100
  341   734 00:6268  85 0c        sta.d cib
  342   736 00:626a  a5 0e        lda.d ciblen
  343   737 00:626c  85 10        sta.d piblen
  344   742 00:626e  a5 0a        lda.d insrc
  345   743 00:6270  d0 18        bne refill_source_is_not_keyboard
  346   747 00:6272  ca           dex
  347   748 00:6273  ca           dex
  348   749 00:6274  ca           dex
  349   750 00:6275  ca           dex
  350   751 00:6276  94 02        sty.dx 02
  351   753 00:6278  a9 ff 00     lda.# 0000ff
  352   754 00:627b  95 00        sta.dx 00
  353   756 00:627d  a4 0c        ldy.d cib
  354   758 00:627f  20 fd 60     jsr a_accept
  355   761 00:6282  ca           dex
  356   762 00:6283  ca           dex
  357   763 00:6284  94 00        sty.dx 00
  358   764 00:6286  a0 ff ff     ldy.# 0ffff
  359   767 00:6289  60           rts
  360   772 00:628a  c9 ff ff     cmp.# 0ffff
  361   773 00:628d  d0 08        bne refill_source_is_not_string
  362   776 00:628f  ca           dex
  363   777 00:6290  ca           dex
  364   778 00:6291  94 00        sty.dx 00
  365   779 00:6293  a0 00 00     ldy.# 0000
  366   780 00:6296  60           rts
  367   786 00:6297  a9 9f 66     lda.# es_refill2
  368   787 00:629a  4c e5 64     jmp error
  369   789 00:629d  60           z_refill
  370   796 00:629e  ca           a_source
  371   797 00:629f  ca           dex
  372   798 00:62a0  ca           dex
  373   799 00:62a1  ca           dex
  374   800 00:62a2  94 02        sty.dx 02
  375   802 00:62a4  a5 0c        lda.d cib
  376   803 00:62a6  95 00        sta.dx 00
  377   805 00:62a8  a4 0e        ldy.d ciblen
  378   807 00:62aa  60           z_source
  379   815 00:62ab  ca           a_source-id
  380   816 00:62ac  ca           dex
  381   817 00:62ad  94 00        sty.dx 00
  382   818 00:62af  a4 0a        ldy.d insrc
  383   820 00:62b1  60           z_source-id
  384   827 00:62b2  e2 20        sep 20
  385   828 00:62b4  a9 20        lda.# 000020
  386   829 00:62b6  20 30 60     jsr put_chr
  387   830 00:62b9  c2 20        rep 20
  388   832 00:62bb  60           z_space
  389   841 00:62bc  ca           a_state
  390   842 00:62bd  ca           dex
  391   843 00:62be  94 00        sty.dx 00
  392   844 00:62c0  a0 14 02     ldy.# state
  393   846 00:62c3  60           z_state
  394   853 00:62c4  b5 00        a_swap
  395   854 00:62c6  94 00        sty.dx 00
  396   855 00:62c8  a8           tay
  397   857 00:62c9  60           z_swap
  398   863 00:62ca  ca           a_true
  399   864 00:62cb  ca           dex
  400   865 00:62cc  94 00        sty.dx 00
  401   866 00:62ce  a0 ff ff     ldy.# 0ffff
  402   868 00:62d1  60           z_true
  403   874 00:62d2  ca           a_tuck
  404   875 00:62d3  ca           dex
  405   876 00:62d4  b5 02        lda.dx 2
  406   877 00:62d6  95 00        sta.dx 0
  407   878 00:62d8  94 02        sty.dx 2
  408   880 00:62da  60           z_tuck
  409   893 00:62db  98           tya
  410   894 00:62dc  f0 17        beq type_done
  411   896 00:62de  b5 00        lda.dx 00
  412   897 00:62e0  85 16        sta.d tmp1
  413   898 00:62e2  84 18        sty.d tmp2
  414   899 00:62e4  a0 00 00     ldy.# 0000
  415   900 00:62e7  e2 20        sep 20
  416   902 00:62e9  b1 16        lda.diy tmp1
  417   903 00:62eb  20 30 60     jsr put_chr
  418   904 00:62ee  c8           iny
  419   905 00:62ef  c4 18        cpy.d tmp2
  420   906 00:62f1  d0 f6        bne type_loop
  421   908 00:62f3  c2 20        rep 20
  422   911 00:62f5  b4 02        ldy.dx 02
  423   912 00:62f7  e8           inx
  424   913 00:62f8  e8           inx
  425   914 00:62f9  e8           inx
  426   915 00:62fa  e8           inx
  427   919 00:62fb  60           z_type
  428   926 00:62fc  a5 02        lda.d dp
  429   927 00:62fe  48           pha
  430   929 00:62ff  ca           dex
  431   930 00:6300  ca           dex
  432   931 00:6301  94 00        sty.dx 00
  433   934 00:6303  a8           tay
  434   936 00:6304  20 ec 61     jsr a_name>string
  435   937 00:6307  20 db 62     jsr a_type
  436   938 00:630a  20 b2 62     jsr a_space
  437   940 00:630d  68           pla
  438   945 00:630e  1a           inc.a
  439   946 00:630f  1a           inc.a
  440   948 00:6310  ca           dex
  441   949 00:6311  ca           dex
  442   950 00:6312  94 00        sty.dx 00
  443   952 00:6314  a8           tay
  444   953 00:6315  b9 00 00     lda.y 0000
  445   954 00:6318  48           pha
  446   955 00:6319  d0 e8        bne words_loop
  447   957 00:631b  68           pla
  448   960 00:631c  60           z_words
  449   967 00:631d  03           .byte 64, 72, 6f, 70
  450   967 00:631e  90           .word h_dup, a_drop, z_drop
  451   967 00:631f  00 00        h_drop
  452   967 00:6321  54 61        h_dup
  453   967 00:6323  56 61        h_comma
  454   967 00:6325  62 79 65     h_find-name
  455   967 00:6328  04 00        h_source
  456   967 00:632a  1d 63 (...)  h_here
  457   967 00:6330  63 6f 6c 64  (data)
  458   967 00:6334  05 90        (data)
  459   967 00:6336  28 63 (...)  (data)
  460   967 00:633c  77 6f (...)  (data)
  461   967 00:6341  05 90        (data)
  462   967 00:6343  34 63 (...)  (data)
  463   967 00:6349  63 6f (...)  (data)
  464   967 00:634e  05 00        (data)
  465   967 00:6350  41 63 (...)  (data)
  466   967 00:6356  61 62 (...)  (data)
  467   967 00:635b  05 00        (data)
  468   967 00:635d  4e 63 (...)  (data)
  469   967 00:6363  70 61 (...)  (data)
  470   967 00:6368  04 00        (data)
  471   967 00:636a  5b 63 (...)  (data)
  472   967 00:6370  71 75 69 74  (data)
  473   967 00:6374  02 90        (data)
  474   967 00:6376  68 63 (...)  (data)
  475   967 00:637c  63 72        (data)
  476   967 00:637e  02 90        (data)
  477   967 00:6380  74 63 (...)  (data)
  478   967 00:6386  62 6c        (data)
  479   967 00:6388  05 90        (data)
  480   967 00:638a  7e 63 (...)  (data)
  481   967 00:6390  73 70 (...)  (data)
  482   967 00:6395  04 00        (data)
  483   967 00:6397  88 63 (...)  (data)
  484   967 00:639d  74 79 70 65  (data)
  485   967 00:63a1  0b 90        (data)
  486   967 00:63a3  95 63 (...)  (data)
  487   967 00:63a9  6e 61 (...)  (data)
  488   967 00:63b4  04 90        (data)
  489   967 00:63b6  a1 63 (...)  (data)
  490   967 00:63bc  32 64 75 70  (data)
  491   967 00:63c0  05 90        (data)
  492   967 00:63c2  b4 63 (...)  (data)
  493   967 00:63c8  73 74 (...)  (data)
  494   967 00:63cd  03 90        (data)
  495   967 00:63cf  c0 63 (...)  (data)
  496   967 00:63d5  3e 69 6e     (data)
  497   967 00:63d8  06 90        (data)
  498   967 00:63da  cd 63 (...)  (data)
  499   967 00:63e0  73 6f (...)  (data)
  500   967 00:63e6  01 90        (data)
  501   967 00:63e8  d8 63 (...)  (data)
  502   967 00:63ee  2b           (data)
  503   967 00:63ef  02 90        (data)
  504   967 00:63f1  e6 63 (...)  (data)
  505   967 00:63f7  31 2b        (data)
  506   967 00:63f9  05 90        (data)
  507   967 00:63fb  ef 63 (...)  (data)
  508   967 00:6401  66 61 (...)  (data)
  509   967 00:6406  04 90        (data)
  510   967 00:6408  f9 63 (...)  (data)
  511   967 00:640e  74 72 75 65  (data)
  512   967 00:6412  01 90        (data)
  513   967 00:6414  06 64 (...)  (data)
  514   967 00:641a  32           (data)
  515   967 00:641b  01 90        (data)
  516   967 00:641d  12 64 (...)  (data)
  517   967 00:6423  31           (data)
  518   967 00:6424  01 90        (data)
  519   967 00:6426  1b 64 (...)  (data)
  520   967 00:642c  30           (data)
  521   967 00:642d  09 00        (data)
  522   967 00:642f  24 64 (...)  (data)
  523   967 00:6435  66 69 (...)  (data)
  524   967 00:643e  06 80        (data)
  525   967 00:6440  2d 64 (...)  (data)
  526   967 00:6446  72 65 (...)  (data)
  527   967 00:644c  0a 00        (data)
  528   967 00:644e  3e 64 (...)  (data)
  529   967 00:6454  70 61 (...)  (data)
  530   967 00:645e  09 90        (data)
  531   967 00:6460  4c 64 (...)  (data)
  532   967 00:6466  73 6f (...)  (data)
  533   967 00:646f  01 90        (data)
  534   967 00:6471  5e 64 (...)  (data)
  535   967 00:6477  2c           (data)
  536   967 00:6478  06 00        (data)
  537   967 00:647a  6f 64 (...)  (data)
  538   967 00:6480  61 63 (...)  (data)
  539   967 00:6486  04 90        (data)
  540   967 00:6488  78 64 (...)  (data)
  541   967 00:648e  74 75 63 6b  (data)
  542   967 00:6492  03 90        (data)
  543   967 00:6494  86 64 (...)  (data)
  544   967 00:649a  6e 69 70     (data)
  545   967 00:649d  04 90        (data)
  546   967 00:649f  92 64 (...)  (data)
  547   967 00:64a5  68 65 72 65  (data)
  548   967 00:64a9  04 90        (data)
  549   967 00:64ab  9d 64 (...)  (data)
  550   967 00:64b1  73 77 61 70  (data)
  551   967 00:64b5  03 90        (data)
  552   967 00:64b7  a9 64 (...)  (data)
  553   967 00:64bd  64 75 70     (data)
  554   967 00:64c0  04 90        (data)
  555   967 00:64c2  b5 64 (...)  (data)
  556   967 00:64c8  64 72 6f 70  (data)
  557   985 00:64cc  20 00 62     jsr a_parse-name
  558   989 00:64cf  98           tya
  559   990 00:64d0  f0 12        beq compex_line_done
  560   994 00:64d2  20 03 65     jsr string_to_uppercase
  561   998 00:64d5  20 86 61     jsr a_find-name
  562  1001 00:64d8  98           tya
  563  1002 00:64d9  d0 06        bne compex_got_name_token
  564  1004 00:64db  a9 d8 66     lda.# es_syntax
  565  1005 00:64de  4c e5 64     jmp error
  566  1022 00:64e1  4c cc 64     jmp compex_loop
  567  1025 00:64e4  60           rts
  568  1031 00:64e5  20 eb 64     jsr print_string
  569  1032 00:64e8  4c 93 60     jmp a_abort
  570  1045 00:64eb  da           phx
  571  1046 00:64ec  aa           tax
  572  1048 00:64ed  e2 20        sep 20
  573  1049 00:64ef  bd 00 00     lda.x 0000
  574  1050 00:64f2  f0 06        beq print_string_done
  575  1051 00:64f4  20 30 60     jsr put_chr
  576  1052 00:64f7  e8           inx
  577  1053 00:64f8  80 f3        bra -
  578  1056 00:64fa  a9 0a        lda.# 00000a
  579  1057 00:64fc  20 30 60     jsr put_chr
  580  1058 00:64ff  c2 20        rep 20
  581  1059 00:6501  fa           plx
  582  1060 00:6502  60           rts
  583  1068 00:6503  60           rts
  584  1073 00:6504  0a 4c (...)  alphastr
  585  1073 00:6524  56 65 (...)  .byte 30, 31, 32, 33, 34, 35, 36, 37, 38, 39, 61, 62, 63, 64, 65, 66, 67, 68, 69, 6a, 6b, 6c, 6d, 6e, 6f, 70, 71, 72, 73, 74, 75, 76, 77, 79, 7a
  586  1073 00:6543  53 63 (...)  .byte 54, 45, 53, 54, 49, 4e, 47, 3a, 20, 6e, 6f, 74, 65, 71, 75, 61, 6c, 0
  587  1073 00:6570  4c 69 (...)  .byte 54, 45, 53, 54, 49, 4e, 47, 3a, 20, 47, 6f, 74, 20, 73, 74, 72, 69, 6e, 67, 3a, 20, 0
  588  1073 00:659e  54 79 (...)  .byte 49, 6e, 74, 65, 72, 70, 72, 65, 74, 69, 6e, 67, 20, 61, 20, 63, 6f, 6d, 70, 69, 6c, 65, 2d, 6f, 6e, 6c, 79, 20, 77, 6f, 72, 64, 0
  589  1073 00:65b1  20 6f (...)  .byte 51, 55, 49, 54, 20, 63, 6f, 75, 6c, 64, 20, 6e, 6f, 74, 20, 67, 65, 74, 20, 69, 6e, 70, 75, 74, 20, 28, 52, 45, 46, 49, 4c, 4c, 20, 72, 65, 74, 75, 72, 6e, 65, 64, 20, 2d, 31, 29, 0
  590  1073 00:65b6  41 63 (...)  (data)
  591  1073 00:65d0  49 6e (...)  (data)
  592  1073 00:65f1  44 45 (...)  (data)
  593  1073 00:660e  44 69 (...)  (data)
  594  1073 00:661f  20 28 (...)  (data)
  595  1073 00:6628  3e 3e (...)  (data)
  596  1073 00:6634  4e 6f (...)  (data)
  597  1073 00:664a  50 61 (...)  (data)
  598  1073 00:665a  44 69 (...)  (data)
  599  1073 00:6671  51 55 (...)  (data)
  600  1073 00:669f  49 6c (...)  (data)
  601  1073 00:66bf  53 74 (...)  (data)
  602  1073 00:66d8  55 6e (...)  (data)
  603  1073 00:66e5  54 45 (...)  (data)
  604  1073 00:66fb  54 45 (...)  (data)
  605  1073 00:670a  54 45 (...)  (data)
  606  1073 00:671c  30 31 (...)  (data)

MACROS:
            (none)

SYMBOL TABLE:
                  a_2dup : 0060f2
                 a_abort : 006093
                a_accept : 0060fd
                    a_bl : 00614c
                   a_bye : 006154
                  a_cold : 00605f
                 a_comma : 006157
                 a_count : 006163
                    a_cr : 006172
                  a_drop : 00617c
                   a_dup : 006181
             a_find-name : 006186
                  a_here : 0061e5
           a_name>string : 0061ec
                   a_nip : 0061fd
                   a_one : 0060e0
              a_one-plus : 0060e8
                 a_parse : 006232
            a_parse-name : 006200
                  a_plus : 0060d0
                  a_quit : 006099
                a_refill : 006263
                a_source : 00629e
             a_source-id : 0062ab
                 a_space : 0062b2
                 a_state : 0062bc
                  a_swap : 0062c4
                 a_to-in : 0060c8
                  a_true : 0062ca
                  a_tuck : 0062d2
                   a_two : 0060ea
                  a_type : 0062db
                 a_words : 0062fc
                  a_zero : 0060d8
              accept_del : 00612a
              accept_eol : 006123
             accept_loop : 00610e
          accept_nonzero : 006105
                alphastr : 00671c
                 ascbell : 000007
                   ascbs : 000008
                   asccc : 000003
                   asccr : 00000d
                  ascdel : 00007f
                  ascesc : 00001b
                   asclf : 00000a
                   ascsp : 000020
               brg_value : 00000b
                 buffers : 007c00
              buffersize : 0000ff
                     cib : 00020c
                  ciblen : 00020e
                      co : 000040
   compex_got_name_token : 0064e1
        compex_line_done : 0064e4
             compex_loop : 0064cc
         compile/execute : 0064cc
                      cp : 000200
              directpage : 000200
     directpage-multiple : 007400
                      dp : 000202
                    dsp0 : 0002f0
                   error : 0064e5
              es_channel : 0065b6
             es_componly : 0065d0
                es_defer : 0065f1
              es_divzero : 00660e
                es_empty : 00661f
                es_error : 006628
              es_intonly : 006634
               es_noname : 00664a
                es_radix : 00665a
              es_refill1 : 006671
              es_refill2 : 00669f
                es_stack : 0066bf
               es_syntax : 0066d8
     find-name_char_loop : 0061bc
 find-name_char_mismatch : 0061ca
          find-name_done : 0061e2
       find-name_failure : 0061dd
          find-name_loop : 006192
     find-name_next_word : 0061cd
       find-name_success : 0061c5
                 get_chr : 006043
            get_chr_wait : 006048
                  h_2dup : 0063b4
                 h_abort : 00634e
                h_accept : 006478
                    h_bl : 00637e
                   h_bye : 00631d
                  h_cold : 006328
                 h_comma : 00646f
                 h_count : 006341
                    h_cr : 006374
                  h_drop : 0064c0
                   h_dup : 0064b5
                 h_false : 0063f9
             h_find-name : 00642d
                  h_here : 00649d
           h_name>string : 0063a1
                   h_nip : 006492
                   h_one : 00641b
              h_one-plus : 0063ef
                 h_parse : 00635b
            h_parse-name : 00644c
                  h_plus : 0063e6
                  h_quit : 006368
                h_refill : 00643e
                h_source : 0063d8
             h_source-id : 00645e
                 h_space : 006388
                 h_state : 0063c0
                  h_swap : 0064a9
                 h_to-in : 0063cd
                  h_true : 006406
                  h_tuck : 006486
                   h_two : 006412
                  h_type : 006395
                 h_words : 006334
                  h_zero : 006424
               have_chr? : 006052
                hw_acsr0 : 00df70
                hw_acsr1 : 00df72
                hw_acsr2 : 00df74
                hw_acsr3 : 00df76
                hw_artd0 : 00df71
                hw_artd1 : 00df73
                hw_artd2 : 00df75
                hw_artd3 : 00df77
                  hw_bcr : 00df40
                 hw_eier : 00df47
                 hw_eifr : 00df45
                 hw_pcs7 : 00df27
                  hw_pd0 : 00df00
                  hw_pd1 : 00df01
                  hw_pd2 : 00df02
                  hw_pd3 : 00df03
                  hw_pd4 : 00df20
                  hw_pd5 : 00df21
                  hw_pd6 : 00df22
                  hw_pd7 : 00df23
                 hw_pdd0 : 00df04
                 hw_pdd1 : 00df05
                 hw_pdd2 : 00df06
                 hw_pdd3 : 00df07
                 hw_pdd4 : 00df24
                 hw_pdd5 : 00df25
                 hw_pdd6 : 00df26
                 hw_sscr : 00df41
                 hw_t0ch : 00df61
                 hw_t0cl : 00df60
                 hw_t1ch : 00df63
                 hw_t1cl : 00df62
                 hw_t2ch : 00df65
                 hw_t2cl : 00df64
                 hw_t3ch : 00df67
                 hw_t3cl : 00df66
                 hw_t4ch : 00df69
                 hw_t4cl : 00df68
                 hw_t5ch : 00df6b
                 hw_t5cl : 00df6a
                 hw_t6ch : 00df6d
                 hw_t6cl : 00df6c
                 hw_t7ch : 00df6f
                 hw_t7cl : 00df6e
                  hw_tcr : 00df42
                  hw_ter : 00df43
                 hw_tier : 00df46
                 hw_tifr : 00df44
                 hw_uier : 00df49
                 hw_uifr : 00df48
                ibuffer1 : 007c00
                ibuffer2 : 007d00
                      im : 000020
                   insrc : 00020a
         maxram-multiple : 006fff
           maxram-single : 007bff
                      nc : 000010
   parse-name_empty_line : 006212
        parse-name_found : 006226
         parse-name_loop : 006205
   parse_found_delimiter : 006252
              parse_loop : 006245
       parse_reached_eol : 006254
             physicalram : 007fff
                  piblen : 000210
            print_string : 0064eb
       print_string_done : 0064fa
                 put_chr : 006030
            put_chr_wait : 006037
                      pw : 000080
           quit_get_line : 0060a7
  quit_refill_successful : 0060b5
                    ram0 : 000200
refill_source_is_not_keyboard : 00628a
refill_source_is_not_string : 006297
          reset_hardware : 006000
                s_author : 006543
            s_disclaimer : 006570
                    s_ok : 0065b1
                 s_title : 006504
               s_typebye : 00659e
               s_version : 006524
          stack-multiple : 007000
                  stack0 : 007fff
                   start : 006062
                   state : 000214
     string_to_uppercase : 006503
             tests_equal : 0066fb
          tests_notequal : 00670a
              tests_quit : 0066e5
                    tmp1 : 000216
                    tmp2 : 000218
                    tmp3 : 00021a
                  tmpdsp : 000204
                  tmptos : 000206
                    toin : 000212
               type_done : 0062f5
               type_loop : 0062e9
              words_loop : 006303
                  z_2dup : 0060fc
                 z_abort : 0060c7
                z_accept : 00614b
                    z_bl : 006153
                   z_bye : 006156
                  z_cold : 0060c7
                 z_comma : 006162
                 z_count : 006171
                    z_cr : 00617b
                  z_drop : 006180
                   z_dup : 006185
             z_find-name : 0061e4
                  z_here : 0061eb
           z_name>string : 0061fc
                   z_nip : 0061ff
                   z_one : 0060e7
              z_one-plus : 0060e9
                 z_parse : 006262
            z_parse-name : 006262
                  z_plus : 0060d7
                  z_quit : 0060c7
                z_refill : 00629d
                z_source : 0062aa
             z_source-id : 0062b1
                 z_space : 0062bb
                 z_state : 0062c3
                  z_swap : 0062c9
                 z_to-in : 0060cf
                  z_true : 0062d1
                  z_tuck : 0062da
                   z_two : 0060f1
                  z_type : 0062fb
                 z_words : 00631c
                  z_zero : 0060df

